<?xml version="1.0" encoding="UTF-8"?>
<!-- Generated by org.testng.reporters.JUnitReportReporter -->
<testsuite skipped="0" hostname="Arzuvs-MacBook-Pro.local" name="runners.CukesRunner" tests="1" failures="0" timestamp="11 Apr 2018 01:28:51 GMT" time="8.343" errors="1">
  <testcase name="runScenario" time="8.343" classname="runners.CukesRunner">
    <error type="java.lang.NullPointerException">
      <![CDATA[java.lang.NullPointerException
at stepDefinitions.DashboardHelpFunctionStepDefs.the_following_options_should_be_displayed_in_Help(DashboardHelpFunctionStepDefs.java:51)
at ✽.the following options should be displayed in Help:(src/test/resources/features/DashBoardHelpFunctionality.feature:8)
]]>
    </error>
  </testcase> <!-- runScenario -->
</testsuite> <!-- runners.CukesRunner -->
